<?xml version="1.0" encoding="UTF-8"?>
<testng-results ignored="6" total="14" passed="8" failed="0" skipped="0">
  <reporter-output>
    <line>
      <![CDATA[Digital downloads page is displayed]]>
    </line>
    <line>
      <![CDATA[Shopping Cart page displayed]]>
    </line>
    <line>
      <![CDATA[AddToCart Test Case Pass]]>
    </line>
    <line>
      <![CDATA[Books Page Displayed]]>
    </line>
    <line>
      <![CDATA[Fiction Ex Product Page Displayed]]>
    </line>
    <line>
      <![CDATA[Wish List Page Displayed]]>
    </line>
    <line>
      <![CDATA[verify_User_Is_Able_To_Add_Product_To_WishList Test Case Pass..]]>
    </line>
  </reporter-output>
  <suite started-at="2024-04-30T12:34:36 IST" name="Suite" finished-at="2024-04-30T12:35:38 IST" duration-ms="62511">
    <groups>
      <group name="Integration">
        <method signature="DigitalDownloads01Test.verify_User_Is_Able_To_Add_Product_To_Cart()[pri:0, instance:org.automation.test_scripts.DigitalDownloads01Test@3febb011]" name="verify_User_Is_Able_To_Add_Product_To_Cart" class="org.automation.test_scripts.DigitalDownloads01Test"/>
      </group> <!-- Integration -->
      <group name="Functionality">
        <method signature="Books01Test.verify_Books_Page_Is_Displayed()[pri:0, instance:org.automation.test_scripts.Books01Test@564fabc8]" name="verify_Books_Page_Is_Displayed" class="org.automation.test_scripts.Books01Test"/>
        <method signature="Books02Test.verfy_Computing_And_Internet_Page_Is_Displayed()[pri:0, instance:org.automation.test_scripts.Books02Test@10e31a9a]" name="verfy_Computing_And_Internet_Page_Is_Displayed" class="org.automation.test_scripts.Books02Test"/>
      </group> <!-- Functionality -->
      <group name="System">
        <method signature="Register01Test.verify_User_Is_Able_To_Register(java.lang.String,java.lang.String,java.lang.String,java.lang.String,java.lang.String)[pri:0, instance:org.automation.test_scripts.Register01Test@131774fe]" name="verify_User_Is_Able_To_Register" class="org.automation.test_scripts.Register01Test"/>
      </group> <!-- System -->
    </groups>
    <test started-at="2024-04-30T12:34:36 IST" name="Test" finished-at="2024-04-30T12:35:38 IST" duration-ms="62511">
      <class name="org.automation.test_scripts.Books02Test">
        <test-method is-config="true" signature="launchBrowser()[pri:0, instance:org.automation.test_scripts.Books02Test@10e31a9a]" started-at="2024-04-30T12:34:59 IST" name="launchBrowser" finished-at="2024-04-30T12:35:02 IST" duration-ms="3311" status="PASS">
          <reporter-output>
          </reporter-output>
        </test-method> <!-- launchBrowser -->
        <test-method is-config="true" signature="performLogin(java.lang.reflect.Method)[pri:0, instance:org.automation.test_scripts.Books02Test@10e31a9a]" started-at="2024-04-30T12:35:02 IST" name="performLogin" finished-at="2024-04-30T12:35:03 IST" duration-ms="1196" status="PASS">
          <params>
            <param index="0">
              <value>
                <![CDATA[public void org.automation.test_scripts.Books02Test.verfy_Computing_And_Internet_Page_Is_Displayed()]]>
              </value>
            </param>
          </params>
          <reporter-output>
          </reporter-output>
        </test-method> <!-- performLogin -->
        <test-method signature="verfy_Computing_And_Internet_Page_Is_Displayed()[pri:0, instance:org.automation.test_scripts.Books02Test@10e31a9a]" started-at="2024-04-30T12:35:03 IST" name="verfy_Computing_And_Internet_Page_Is_Displayed" finished-at="2024-04-30T12:35:05 IST" duration-ms="2240" status="PASS">
          <reporter-output>
          </reporter-output>
        </test-method> <!-- verfy_Computing_And_Internet_Page_Is_Displayed -->
        <test-method is-config="true" signature="performLogout()[pri:0, instance:org.automation.test_scripts.Books02Test@10e31a9a]" started-at="2024-04-30T12:35:05 IST" name="performLogout" finished-at="2024-04-30T12:35:06 IST" duration-ms="815" status="PASS">
          <reporter-output>
          </reporter-output>
        </test-method> <!-- performLogout -->
        <test-method is-config="true" signature="closeBrowser()[pri:0, instance:org.automation.test_scripts.Books02Test@10e31a9a]" started-at="2024-04-30T12:35:06 IST" name="closeBrowser" finished-at="2024-04-30T12:35:06 IST" duration-ms="107" status="PASS">
          <reporter-output>
          </reporter-output>
        </test-method> <!-- closeBrowser -->
      </class> <!-- org.automation.test_scripts.Books02Test -->
      <class name="org.automation.test_scripts.DigitalDownloads01Test">
        <test-method is-config="true" signature="launchBrowser()[pri:0, instance:org.automation.test_scripts.DigitalDownloads01Test@3febb011]" started-at="2024-04-30T12:34:43 IST" name="launchBrowser" finished-at="2024-04-30T12:34:46 IST" duration-ms="3396" status="PASS">
          <reporter-output>
          </reporter-output>
        </test-method> <!-- launchBrowser -->
        <test-method is-config="true" signature="performLogin(java.lang.reflect.Method)[pri:0, instance:org.automation.test_scripts.DigitalDownloads01Test@3febb011]" started-at="2024-04-30T12:34:46 IST" name="performLogin" finished-at="2024-04-30T12:34:47 IST" duration-ms="1195" status="PASS">
          <params>
            <param index="0">
              <value>
                <![CDATA[public void org.automation.test_scripts.DigitalDownloads01Test.verify_User_Is_Able_To_Add_Product_To_Cart() throws java.io.IOException,java.lang.InterruptedException]]>
              </value>
            </param>
          </params>
          <reporter-output>
          </reporter-output>
        </test-method> <!-- performLogin -->
        <test-method signature="verify_User_Is_Able_To_Add_Product_To_Cart()[pri:0, instance:org.automation.test_scripts.DigitalDownloads01Test@3febb011]" started-at="2024-04-30T12:34:47 IST" name="verify_User_Is_Able_To_Add_Product_To_Cart" finished-at="2024-04-30T12:34:58 IST" duration-ms="10692" status="PASS">
          <reporter-output>
            <line>
              <![CDATA[Digital downloads page is displayed]]>
            </line>
            <line>
              <![CDATA[Shopping Cart page displayed]]>
            </line>
            <line>
              <![CDATA[AddToCart Test Case Pass]]>
            </line>
          </reporter-output>
        </test-method> <!-- verify_User_Is_Able_To_Add_Product_To_Cart -->
        <test-method is-config="true" signature="performLogout()[pri:0, instance:org.automation.test_scripts.DigitalDownloads01Test@3febb011]" started-at="2024-04-30T12:34:58 IST" name="performLogout" finished-at="2024-04-30T12:34:58 IST" duration-ms="685" status="PASS">
          <reporter-output>
          </reporter-output>
        </test-method> <!-- performLogout -->
        <test-method is-config="true" signature="closeBrowser()[pri:0, instance:org.automation.test_scripts.DigitalDownloads01Test@3febb011]" started-at="2024-04-30T12:34:58 IST" name="closeBrowser" finished-at="2024-04-30T12:34:59 IST" duration-ms="114" status="PASS">
          <reporter-output>
          </reporter-output>
        </test-method> <!-- closeBrowser -->
      </class> <!-- org.automation.test_scripts.DigitalDownloads01Test -->
      <class name="org.automation.test_scripts.Register01Test">
        <test-method signature="verify_User_Is_Able_To_Register(java.lang.String,java.lang.String,java.lang.String,java.lang.String,java.lang.String)[pri:0, instance:org.automation.test_scripts.Register01Test@131774fe]" started-at="2024-04-30T12:35:07 IST" name="verify_User_Is_Able_To_Register" data-provider="RegisterTestData" finished-at="2024-04-30T12:35:13 IST" duration-ms="5842" status="PASS">
          <params>
            <param index="0">
              <value>
                <![CDATA[Omitya]]>
              </value>
            </param>
            <param index="1">
              <value>
                <![CDATA[Mokal]]>
              </value>
            </param>
            <param index="2">
              <value>
                <![CDATA[Omitya123@gmail.com]]>
              </value>
            </param>
            <param index="3">
              <value>
                <![CDATA[Omitya@123]]>
              </value>
            </param>
            <param index="4">
              <value>
                <![CDATA[Omitya@123]]>
              </value>
            </param>
          </params>
          <reporter-output>
          </reporter-output>
        </test-method> <!-- verify_User_Is_Able_To_Register -->
        <test-method signature="verify_User_Is_Able_To_Register(java.lang.String,java.lang.String,java.lang.String,java.lang.String,java.lang.String)[pri:0, instance:org.automation.test_scripts.Register01Test@131774fe]" started-at="2024-04-30T12:35:13 IST" name="verify_User_Is_Able_To_Register" data-provider="RegisterTestData" finished-at="2024-04-30T12:35:19 IST" duration-ms="5751" status="PASS">
          <params>
            <param index="0">
              <value>
                <![CDATA[Albert]]>
              </value>
            </param>
            <param index="1">
              <value>
                <![CDATA[Paul]]>
              </value>
            </param>
            <param index="2">
              <value>
                <![CDATA[AlbertPaul@gmail.com]]>
              </value>
            </param>
            <param index="3">
              <value>
                <![CDATA[@albert10]]>
              </value>
            </param>
            <param index="4">
              <value>
                <![CDATA[@albert10]]>
              </value>
            </param>
          </params>
          <reporter-output>
          </reporter-output>
        </test-method> <!-- verify_User_Is_Able_To_Register -->
        <test-method signature="verify_User_Is_Able_To_Register(java.lang.String,java.lang.String,java.lang.String,java.lang.String,java.lang.String)[pri:0, instance:org.automation.test_scripts.Register01Test@131774fe]" started-at="2024-04-30T12:35:19 IST" name="verify_User_Is_Able_To_Register" data-provider="RegisterTestData" finished-at="2024-04-30T12:35:24 IST" duration-ms="5589" status="PASS">
          <params>
            <param index="0">
              <value>
                <![CDATA[Shilpa ]]>
              </value>
            </param>
            <param index="1">
              <value>
                <![CDATA[j]]>
              </value>
            </param>
            <param index="2">
              <value>
                <![CDATA[shilpa18@gmail.com]]>
              </value>
            </param>
            <param index="3">
              <value>
                <![CDATA[password@123]]>
              </value>
            </param>
            <param index="4">
              <value>
                <![CDATA[password@123]]>
              </value>
            </param>
          </params>
          <reporter-output>
          </reporter-output>
        </test-method> <!-- verify_User_Is_Able_To_Register -->
        <test-method signature="verify_User_Is_Able_To_Register(java.lang.String,java.lang.String,java.lang.String,java.lang.String,java.lang.String)[pri:0, instance:org.automation.test_scripts.Register01Test@131774fe]" started-at="2024-04-30T12:35:24 IST" name="verify_User_Is_Able_To_Register" data-provider="RegisterTestData" finished-at="2024-04-30T12:35:30 IST" duration-ms="5722" status="PASS">
          <params>
            <param index="0">
              <value>
                <![CDATA[Pamuru]]>
              </value>
            </param>
            <param index="1">
              <value>
                <![CDATA[Kavya]]>
              </value>
            </param>
            <param index="2">
              <value>
                <![CDATA[Kavya6@gmail.com]]>
              </value>
            </param>
            <param index="3">
              <value>
                <![CDATA[Kavya@123]]>
              </value>
            </param>
            <param index="4">
              <value>
                <![CDATA[Kavya@123]]>
              </value>
            </param>
          </params>
          <reporter-output>
          </reporter-output>
        </test-method> <!-- verify_User_Is_Able_To_Register -->
      </class> <!-- org.automation.test_scripts.Register01Test -->
      <class name="org.automation.test_scripts.Books01Test">
        <test-method is-config="true" signature="generateReport()[pri:0, instance:org.automation.test_scripts.Books01Test@564fabc8]" started-at="2024-04-30T12:34:36 IST" name="generateReport" finished-at="2024-04-30T12:34:36 IST" duration-ms="182" status="PASS">
          <reporter-output>
          </reporter-output>
        </test-method> <!-- generateReport -->
        <test-method is-config="true" signature="launchBrowser()[pri:0, instance:org.automation.test_scripts.Books01Test@564fabc8]" started-at="2024-04-30T12:34:36 IST" name="launchBrowser" finished-at="2024-04-30T12:34:40 IST" duration-ms="3809" status="PASS">
          <reporter-output>
          </reporter-output>
        </test-method> <!-- launchBrowser -->
        <test-method is-config="true" signature="performLogin(java.lang.reflect.Method)[pri:0, instance:org.automation.test_scripts.Books01Test@564fabc8]" started-at="2024-04-30T12:34:40 IST" name="performLogin" finished-at="2024-04-30T12:34:41 IST" duration-ms="1255" status="PASS">
          <params>
            <param index="0">
              <value>
                <![CDATA[public void org.automation.test_scripts.Books01Test.verify_Books_Page_Is_Displayed()]]>
              </value>
            </param>
          </params>
          <reporter-output>
          </reporter-output>
        </test-method> <!-- performLogin -->
        <test-method signature="verify_Books_Page_Is_Displayed()[pri:0, instance:org.automation.test_scripts.Books01Test@564fabc8]" started-at="2024-04-30T12:34:41 IST" name="verify_Books_Page_Is_Displayed" finished-at="2024-04-30T12:34:42 IST" duration-ms="757" status="PASS">
          <reporter-output>
          </reporter-output>
        </test-method> <!-- verify_Books_Page_Is_Displayed -->
        <test-method is-config="true" signature="performLogout()[pri:0, instance:org.automation.test_scripts.Books01Test@564fabc8]" started-at="2024-04-30T12:34:42 IST" name="performLogout" finished-at="2024-04-30T12:34:42 IST" duration-ms="788" status="PASS">
          <reporter-output>
          </reporter-output>
        </test-method> <!-- performLogout -->
        <test-method is-config="true" signature="closeBrowser()[pri:0, instance:org.automation.test_scripts.Books01Test@564fabc8]" started-at="2024-04-30T12:34:42 IST" name="closeBrowser" finished-at="2024-04-30T12:34:43 IST" duration-ms="107" status="PASS">
          <reporter-output>
          </reporter-output>
        </test-method> <!-- closeBrowser -->
        <test-method is-config="true" signature="flushReports()[pri:0, instance:org.automation.test_scripts.Books01Test@564fabc8]" started-at="2024-04-30T12:35:38 IST" name="flushReports" finished-at="2024-04-30T12:35:39 IST" duration-ms="226" status="PASS">
          <reporter-output>
          </reporter-output>
        </test-method> <!-- flushReports -->
      </class> <!-- org.automation.test_scripts.Books01Test -->
      <class name="org.automation.test_scripts.Books03Test">
        <test-method is-config="true" signature="launchBrowser()[pri:0, instance:org.automation.test_scripts.Books03Test@158d2680]" started-at="2024-04-30T12:35:30 IST" name="launchBrowser" finished-at="2024-04-30T12:35:33 IST" duration-ms="3163" status="PASS">
          <reporter-output>
          </reporter-output>
        </test-method> <!-- launchBrowser -->
        <test-method is-config="true" signature="performLogin(java.lang.reflect.Method)[pri:0, instance:org.automation.test_scripts.Books03Test@158d2680]" started-at="2024-04-30T12:35:33 IST" name="performLogin" finished-at="2024-04-30T12:35:34 IST" duration-ms="1217" status="PASS">
          <params>
            <param index="0">
              <value>
                <![CDATA[public void org.automation.test_scripts.Books03Test.verify_User_Is_Able_To_Add_Product_To_WishList()]]>
              </value>
            </param>
          </params>
          <reporter-output>
          </reporter-output>
        </test-method> <!-- performLogin -->
        <test-method signature="verify_User_Is_Able_To_Add_Product_To_WishList()[pri:0, instance:org.automation.test_scripts.Books03Test@158d2680]" started-at="2024-04-30T12:35:34 IST" name="verify_User_Is_Able_To_Add_Product_To_WishList" finished-at="2024-04-30T12:35:37 IST" duration-ms="3151" status="PASS">
          <reporter-output>
            <line>
              <![CDATA[Books Page Displayed]]>
            </line>
            <line>
              <![CDATA[Fiction Ex Product Page Displayed]]>
            </line>
            <line>
              <![CDATA[Wish List Page Displayed]]>
            </line>
            <line>
              <![CDATA[verify_User_Is_Able_To_Add_Product_To_WishList Test Case Pass..]]>
            </line>
          </reporter-output>
        </test-method> <!-- verify_User_Is_Able_To_Add_Product_To_WishList -->
        <test-method is-config="true" signature="performLogout()[pri:0, instance:org.automation.test_scripts.Books03Test@158d2680]" started-at="2024-04-30T12:35:37 IST" name="performLogout" finished-at="2024-04-30T12:35:38 IST" duration-ms="796" status="PASS">
          <reporter-output>
          </reporter-output>
        </test-method> <!-- performLogout -->
        <test-method is-config="true" signature="closeBrowser()[pri:0, instance:org.automation.test_scripts.Books03Test@158d2680]" started-at="2024-04-30T12:35:38 IST" name="closeBrowser" finished-at="2024-04-30T12:35:38 IST" duration-ms="107" status="PASS">
          <reporter-output>
          </reporter-output>
        </test-method> <!-- closeBrowser -->
      </class> <!-- org.automation.test_scripts.Books03Test -->
    </test> <!-- Test -->
  </suite> <!-- Suite -->
</testng-results>
