<?xml version="1.0" encoding="UTF-8"?>
<!-- Generated by org.testng.reporters.JUnitXMLReporter -->
<testsuite ignored="0" hostname="TYSS-Rakesh-B" failures="0" tests="3" name="Test" time="27.732" errors="0" timestamp="2024-04-25T11:56:44 IST">
  <testcase classname="org.automation.test_scripts.Books01Test" name="verify_Books_Page_Is_Displayed" time="1.305"/>
  <testcase classname="org.automation.test_scripts.Books02Test" name="verfy_Computing_And_Internet_Page_Is_Displayed" time="3.21"/>
  <testcase classname="org.automation.test_scripts.Books03Test" name="verify_User_Is_Able_To_Add_Product_To_WishList" time="3.293"/>
</testsuite> <!-- Test -->
