<?xml version="1.0" encoding="UTF-8"?>
<!-- Generated by org.testng.reporters.JUnitXMLReporter -->
<testsuite ignored="6" hostname="TYSS-Rakesh-B" failures="0" tests="8" name="Test" time="62.511" errors="0" timestamp="2024-04-30T12:35:38 IST">
  <testcase classname="org.automation.test_scripts.Books01Test" name="verify_Books_Page_Is_Displayed" time="0.757"/>
  <testcase classname="org.automation.test_scripts.DigitalDownloads01Test" name="verify_User_Is_Able_To_Add_Product_To_Cart" time="10.692"/>
  <testcase classname="org.automation.test_scripts.Books02Test" name="verfy_Computing_And_Internet_Page_Is_Displayed" time="2.24"/>
  <testcase classname="org.automation.test_scripts.Register01Test" name="verify_User_Is_Able_To_Register" time="5.842"/>
  <testcase classname="org.automation.test_scripts.Register01Test" name="verify_User_Is_Able_To_Register" time="5.751"/>
  <testcase classname="org.automation.test_scripts.Register01Test" name="verify_User_Is_Able_To_Register" time="5.589"/>
  <testcase classname="org.automation.test_scripts.Register01Test" name="verify_User_Is_Able_To_Register" time="5.722"/>
  <testcase classname="org.automation.test_scripts.Books03Test" name="verify_User_Is_Able_To_Add_Product_To_WishList" time="3.151"/>
  <testcase classname="org.automation.generic_library.BaseTest" name="@AfterSuite flushReports" time="0.0">
    <ignored/>
  </testcase> <!-- @AfterSuite flushReports -->
  <testcase classname="org.automation.generic_library.BaseTest" name="@AfterSuite flushReports" time="0.0">
    <ignored/>
  </testcase> <!-- @AfterSuite flushReports -->
  <testcase classname="org.automation.generic_library.BaseTest" name="@AfterSuite flushReports" time="0.0">
    <ignored/>
  </testcase> <!-- @AfterSuite flushReports -->
  <testcase classname="org.automation.generic_library.BaseTest" name="@BeforeSuite generateReport" time="0.0">
    <ignored/>
  </testcase> <!-- @BeforeSuite generateReport -->
  <testcase classname="org.automation.generic_library.BaseTest" name="@BeforeSuite generateReport" time="0.0">
    <ignored/>
  </testcase> <!-- @BeforeSuite generateReport -->
  <testcase classname="org.automation.generic_library.BaseTest" name="@BeforeSuite generateReport" time="0.0">
    <ignored/>
  </testcase> <!-- @BeforeSuite generateReport -->
</testsuite> <!-- Test -->
